<?xml version="1.0" encoding="UTF-8"?>
<testng-results ignored="0" total="1" passed="1" failed="0" skipped="0">
  <reporter-output>
  </reporter-output>
  <suite started-at="2025-02-08T12:02:32 IST" name="Default suite" finished-at="2025-02-08T12:02:35 IST" duration-ms="2880">
    <groups>
    </groups>
    <test started-at="2025-02-08T12:02:32 IST" name="Default test" finished-at="2025-02-08T12:02:35 IST" duration-ms="2880">
      <class name="gitHUB.TC_01_ListUser">
        <test-method signature="verifyListUserTest()[pri:0, instance:gitHUB.TC_01_ListUser@2fb3536e]" started-at="2025-02-08T12:02:32 IST" name="verifyListUserTest" finished-at="2025-02-08T12:02:35 IST" duration-ms="2844" status="PASS">
          <reporter-output>
          </reporter-output>
        </test-method> <!-- verifyListUserTest -->
      </class> <!-- gitHUB.TC_01_ListUser -->
    </test> <!-- Default test -->
  </suite> <!-- Default suite -->
</testng-results>
